<?xml version="1.0" encoding="UTF-8"?>
<!-- Generated by org.testng.reporters.JUnitReportReporter -->
<testsuite skipped="0" hostname="ojt10-PC" name="DriverFactory.AppTest" tests="1" failures="0" timestamp="09 Jan 2020 12:03:52 GMT" time="46.262" errors="0">
  <testcase name="startTest" time="46.262" classname="DriverFactory.AppTest"/>
</testsuite> <!-- DriverFactory.AppTest -->
